c:\amd_summercamp\proiect_summercampamd\proiectamd\x64\debug\vc142.pdb
c:\amd_summercamp\proiect_summercampamd\proiectamd\x64\debug\vc142.idb
c:\amd_summercamp\proiect_summercampamd\proiectamd\x64\debug\user.obj
c:\amd_summercamp\proiect_summercampamd\proiectamd\x64\debug\source.obj
c:\amd_summercamp\proiect_summercampamd\proiectamd\x64\debug\products.obj
c:\amd_summercamp\proiect_summercampamd\proiectamd\x64\debug\menus.obj
c:\amd_summercamp\proiect_summercampamd\proiectamd\x64\debug\gpu.obj
c:\amd_summercamp\proiect_summercampamd\proiectamd\x64\debug\finalobjects.obj
c:\amd_summercamp\proiect_summercampamd\proiectamd\x64\debug\director.obj
c:\amd_summercamp\proiect_summercampamd\proiectamd\x64\debug\cpu.obj
c:\amd_summercamp\proiect_summercampamd\proiectamd\x64\debug\client.obj
c:\amd_summercamp\proiect_summercampamd\proiectamd\x64\debug\builder.obj
c:\amd_summercamp\proiect_summercampamd\proiectamd\x64\debug\apu.obj
c:\amd_summercamp\proiect_summercampamd\proiectamd\x64\debug\administrator.obj
c:\amd_summercamp\proiect_summercampamd\proiectamd\x64\debug\proiectamd.exe
c:\amd_summercamp\proiect_summercampamd\proiectamd\x64\debug\proiectamd.ilk
c:\amd_summercamp\proiect_summercampamd\proiectamd\x64\debug\proiectamd.pdb
c:\amd_summercamp\proiect_summercampamd\proiectamd\x64\debug\proiectamd.tlog\cl.command.1.tlog
c:\amd_summercamp\proiect_summercampamd\proiectamd\x64\debug\proiectamd.tlog\cl.read.1.tlog
c:\amd_summercamp\proiect_summercampamd\proiectamd\x64\debug\proiectamd.tlog\cl.write.1.tlog
c:\amd_summercamp\proiect_summercampamd\proiectamd\x64\debug\proiectamd.tlog\link.command.1.tlog
c:\amd_summercamp\proiect_summercampamd\proiectamd\x64\debug\proiectamd.tlog\link.read.1.tlog
c:\amd_summercamp\proiect_summercampamd\proiectamd\x64\debug\proiectamd.tlog\link.write.1.tlog
